# JRE version: Java(TM) SE Runtime Environment (8.0_202-b08) (build 1.8.0_202-b08)
# Java VM: Java HotSpot(TM) 64-Bit Server VM (25.202-b08 mixed mode windows-amd64 compressed oops)
Heap:
 PSYoungGen      total 178176K, used 159857K [0x00000000ede00000, 0x00000000fd880000, 0x0000000100000000)
  eden space 166400K, 96% used [0x00000000ede00000,0x00000000f7a1c528,0x00000000f8080000)
  from space 11776K, 0% used [0x00000000f8080000,0x00000000f8080000,0x00000000f8c00000)
  to   space 11776K, 0% used [0x00000000fcd00000,0x00000000fcd00000,0x00000000fd880000)
 ParOldGen       total 49664K, used 18026K [0x00000000c9a00000, 0x00000000cca80000, 0x00000000ede00000)
  object space 49664K, 36% used [0x00000000c9a00000,0x00000000cab9a9e0,0x00000000cca80000)
 Metaspace       used 47538K, capacity 50166K, committed 50264K, reserved 1093632K
  class space    used 6457K, capacity 6916K, committed 7000K, reserved 1048576K
GC Heap History (10 events):
Event: 12.251 GC heap before
{Heap before GC invocations=9 (full 1):
 PSYoungGen      total 126464K, used 4655K [0x00000000ede00000, 0x00000000f6300000, 0x0000000100000000)
  eden space 117760K, 0% used [0x00000000ede00000,0x00000000ede00000,0x00000000f5100000)
  from space 8704K, 53% used [0x00000000f5a80000,0x00000000f5f0bca0,0x00000000f6300000)
  to   space 9216K, 0% used [0x00000000f5100000,0x00000000f5100000,0x00000000f5a00000)
 ParOldGen       total 38400K, used 11230K [0x00000000c9a00000, 0x00000000cbf80000, 0x00000000ede00000)
  object space 38400K, 29% used [0x00000000c9a00000,0x00000000ca4f7b90,0x00000000cbf80000)
 Metaspace       used 20227K, capacity 21078K, committed 21248K, reserved 1067008K
  class space    used 2510K, capacity 2706K, committed 2816K, reserved 1048576K
Event: 12.422 GC heap after
Heap after GC invocations=9 (full 1):
 PSYoungGen      total 126464K, used 0K [0x00000000ede00000, 0x00000000f6300000, 0x0000000100000000)
  eden space 117760K, 0% used [0x00000000ede00000,0x00000000ede00000,0x00000000f5100000)
  from space 8704K, 0% used [0x00000000f5a80000,0x00000000f5a80000,0x00000000f6300000)
  to   space 9216K, 0% used [0x00000000f5100000,0x00000000f5100000,0x00000000f5a00000)
 ParOldGen       total 30208K, used 6573K [0x00000000c9a00000, 0x00000000cb780000, 0x00000000ede00000)
  object space 30208K, 21% used [0x00000000c9a00000,0x00000000ca06b688,0x00000000cb780000)
 Metaspace       used 20227K, capacity 21078K, committed 21248K, reserved 1067008K
  class space    used 2510K, capacity 2706K, committed 2816K, reserved 1048576K
}
Event: 16.407 GC heap before
{Heap before GC invocations=10 (full 1):
 PSYoungGen      total 126464K, used 117760K [0x00000000ede00000, 0x00000000f6300000, 0x0000000100000000)
  eden space 117760K, 100% used [0x00000000ede00000,0x00000000f5100000,0x00000000f5100000)
  from space 8704K, 0% used [0x00000000f5a80000,0x00000000f5a80000,0x00000000f6300000)
  to   space 9216K, 0% used [0x00000000f5100000,0x00000000f5100000,0x00000000f5a00000)
 ParOldGen       total 30208K, used 6573K [0x00000000c9a00000, 0x00000000cb780000, 0x00000000ede00000)
  object space 30208K, 21% used [0x00000000c9a00000,0x00000000ca06b688,0x00000000cb780000)
 Metaspace       used 23669K, capacity 24988K, committed 25088K, reserved 1071104K
  class space    used 2979K, capacity 3256K, committed 3328K, reserved 1048576K
Event: 16.421 GC heap after
Heap after GC invocations=10 (full 1):
 PSYoungGen      total 126976K, used 6758K [0x00000000ede00000, 0x00000000f9700000, 0x0000000100000000)
  eden space 117760K, 0% used [0x00000000ede00000,0x00000000ede00000,0x00000000f5100000)
  from space 9216K, 73% used [0x00000000f5100000,0x00000000f5799820,0x00000000f5a00000)
  to   space 9728K, 0% used [0x00000000f8d80000,0x00000000f8d80000,0x00000000f9700000)
 ParOldGen       total 30208K, used 6581K [0x00000000c9a00000, 0x00000000cb780000, 0x00000000ede00000)
  object space 30208K, 21% used [0x00000000c9a00000,0x00000000ca06d688,0x00000000cb780000)
 Metaspace       used 23669K, capacity 24988K, committed 25088K, reserved 1071104K
  class space    used 2979K, capacity 3256K, committed 3328K, reserved 1048576K
}
Event: 27.457 GC heap before
{Heap before GC invocations=11 (full 1):
 PSYoungGen      total 126976K, used 124490K [0x00000000ede00000, 0x00000000f9700000, 0x0000000100000000)
  eden space 117760K, 99% used [0x00000000ede00000,0x00000000f50f9108,0x00000000f5100000)
  from space 9216K, 73% used [0x00000000f5100000,0x00000000f5799820,0x00000000f5a00000)
  to   space 9728K, 0% used [0x00000000f8d80000,0x00000000f8d80000,0x00000000f9700000)
 ParOldGen       total 30208K, used 6581K [0x00000000c9a00000, 0x00000000cb780000, 0x00000000ede00000)
  object space 30208K, 21% used [0x00000000c9a00000,0x00000000ca06d688,0x00000000cb780000)
 Metaspace       used 31079K, capacity 33254K, committed 33408K, reserved 1079296K
  class space    used 4016K, capacity 4395K, committed 4480K, reserved 1048576K
Event: 27.529 GC heap after
Heap after GC invocations=11 (full 1):
 PSYoungGen      total 176128K, used 9703K [0x00000000ede00000, 0x00000000f9780000, 0x0000000100000000)
  eden space 166400K, 0% used [0x00000000ede00000,0x00000000ede00000,0x00000000f8080000)
  from space 9728K, 99% used [0x00000000f8d80000,0x00000000f96f9e30,0x00000000f9700000)
  to   space 11776K, 0% used [0x00000000f8080000,0x00000000f8080000,0x00000000f8c00000)
 ParOldGen       total 30208K, used 8894K [0x00000000c9a00000, 0x00000000cb780000, 0x00000000ede00000)
  object space 30208K, 29% used [0x00000000c9a00000,0x00000000ca2afb48,0x00000000cb780000)
 Metaspace       used 31079K, capacity 33254K, committed 33408K, reserved 1079296K
  class space    used 4016K, capacity 4395K, committed 4480K, reserved 1048576K
}
Event: 37.412 GC heap before
{Heap before GC invocations=12 (full 1):
 PSYoungGen      total 176128K, used 149644K [0x00000000ede00000, 0x00000000f9780000, 0x0000000100000000)
  eden space 166400K, 84% used [0x00000000ede00000,0x00000000f66a9398,0x00000000f8080000)
  from space 9728K, 99% used [0x00000000f8d80000,0x00000000f96f9e30,0x00000000f9700000)
  to   space 11776K, 0% used [0x00000000f8080000,0x00000000f8080000,0x00000000f8c00000)
 ParOldGen       total 30208K, used 8894K [0x00000000c9a00000, 0x00000000cb780000, 0x00000000ede00000)
  object space 30208K, 29% used [0x00000000c9a00000,0x00000000ca2afb48,0x00000000cb780000)
 Metaspace       used 33099K, capacity 35348K, committed 35416K, reserved 1079296K
  class space    used 4279K, capacity 4666K, committed 4696K, reserved 1048576K
Event: 37.608 GC heap after
Heap after GC invocations=12 (full 1):
 PSYoungGen      total 178176K, used 6559K [0x00000000ede00000, 0x00000000fd880000, 0x0000000100000000)
  eden space 166400K, 0% used [0x00000000ede00000,0x00000000ede00000,0x00000000f8080000)
  from space 11776K, 55% used [0x00000000f8080000,0x00000000f86e7fc0,0x00000000f8c00000)
  to   space 11776K, 0% used [0x00000000fcd00000,0x00000000fcd00000,0x00000000fd880000)
 ParOldGen       total 30208K, used 16127K [0x00000000c9a00000, 0x00000000cb780000, 0x00000000ede00000)
  object space 30208K, 53% used [0x00000000c9a00000,0x00000000ca9bffa8,0x00000000cb780000)
 Metaspace       used 33099K, capacity 35348K, committed 35416K, reserved 1079296K
  class space    used 4279K, capacity 4666K, committed 4696K, reserved 1048576K
}
Event: 37.609 GC heap before
{Heap before GC invocations=13 (full 2):
 PSYoungGen      total 178176K, used 6559K [0x00000000ede00000, 0x00000000fd880000, 0x0000000100000000)
  eden space 166400K, 0% used [0x00000000ede00000,0x00000000ede00000,0x00000000f8080000)
  from space 11776K, 55% used [0x00000000f8080000,0x00000000f86e7fc0,0x00000000f8c00000)
  to   space 11776K, 0% used [0x00000000fcd00000,0x00000000fcd00000,0x00000000fd880000)
 ParOldGen       total 30208K, used 16127K [0x00000000c9a00000, 0x00000000cb780000, 0x00000000ede00000)
  object space 30208K, 53% used [0x00000000c9a00000,0x00000000ca9bffa8,0x00000000cb780000)
 Metaspace       used 33099K, capacity 35348K, committed 35416K, reserved 1079296K
  class space    used 4279K, capacity 4666K, committed 4696K, reserved 1048576K
Event: 37.888 GC heap after
Heap after GC invocations=13 (full 2):
 PSYoungGen      total 178176K, used 0K [0x00000000ede00000, 0x00000000fd880000, 0x0000000100000000)
  eden space 166400K, 0% used [0x00000000ede00000,0x00000000ede00000,0x00000000f8080000)
  from space 11776K, 0% used [0x00000000f8080000,0x00000000f8080000,0x00000000f8c00000)
  to   space 11776K, 0% used [0x00000000fcd00000,0x00000000fcd00000,0x00000000fd880000)
 ParOldGen       total 49664K, used 18026K [0x00000000c9a00000, 0x00000000cca80000, 0x00000000ede00000)
  object space 49664K, 36% used [0x00000000c9a00000,0x00000000cab9a9e0,0x00000000cca80000)
 Metaspace       used 33099K, capacity 35348K, committed 35416K, reserved 1079296K
  class space    used 4279K, capacity 4666K, committed 4696K, reserved 1048576K
}

