# JRE version: Java(TM) SE Runtime Environment (8.0_202-b08) (build 1.8.0_202-b08)
# Java VM: Java HotSpot(TM) 64-Bit Server VM (25.202-b08 mixed mode windows-amd64 compressed oops)
Heap:
 PSYoungGen      total 278016K, used 99013K [0x00000000ede00000, 0x0000000100000000, 0x0000000100000000)
  eden space 262656K, 37% used [0x00000000ede00000,0x00000000f3eb1590,0x00000000fde80000)
  from space 15360K, 0% used [0x00000000fde80000,0x00000000fde80000,0x00000000fed80000)
  to   space 14848K, 0% used [0x00000000ff180000,0x00000000ff180000,0x0000000100000000)
 ParOldGen       total 65024K, used 28644K [0x00000000c9a00000, 0x00000000cd980000, 0x00000000ede00000)
  object space 65024K, 44% used [0x00000000c9a00000,0x00000000cb5f9138,0x00000000cd980000)
 Metaspace       used 56910K, capacity 60534K, committed 60632K, reserved 1101824K
  class space    used 7729K, capacity 8348K, committed 8408K, reserved 1048576K
GC Heap History (10 events):
Event: 10.059 GC heap before
{Heap before GC invocations=12 (full 1):
 PSYoungGen      total 188416K, used 148267K [0x00000000ede00000, 0x00000000fa380000, 0x0000000100000000)
  eden space 178688K, 77% used [0x00000000ede00000,0x00000000f6551848,0x00000000f8c80000)
  from space 9728K, 99% used [0x00000000f9800000,0x00000000fa179660,0x00000000fa180000)
  to   space 11776K, 0% used [0x00000000f8c80000,0x00000000f8c80000,0x00000000f9800000)
 ParOldGen       total 28160K, used 8967K [0x00000000c9a00000, 0x00000000cb580000, 0x00000000ede00000)
  object space 28160K, 31% used [0x00000000c9a00000,0x00000000ca2c1e28,0x00000000cb580000)
 Metaspace       used 33090K, capacity 35352K, committed 35416K, reserved 1079296K
  class space    used 4286K, capacity 4666K, committed 4696K, reserved 1048576K
Event: 10.078 GC heap after
Heap after GC invocations=12 (full 1):
 PSYoungGen      total 190464K, used 6591K [0x00000000ede00000, 0x00000000ffc80000, 0x0000000100000000)
  eden space 178688K, 0% used [0x00000000ede00000,0x00000000ede00000,0x00000000f8c80000)
  from space 11776K, 55% used [0x00000000f8c80000,0x00000000f92efd50,0x00000000f9800000)
  to   space 11776K, 0% used [0x00000000ff100000,0x00000000ff100000,0x00000000ffc80000)
 ParOldGen       total 28160K, used 16240K [0x00000000c9a00000, 0x00000000cb580000, 0x00000000ede00000)
  object space 28160K, 57% used [0x00000000c9a00000,0x00000000ca9dc298,0x00000000cb580000)
 Metaspace       used 33090K, capacity 35352K, committed 35416K, reserved 1079296K
  class space    used 4286K, capacity 4666K, committed 4696K, reserved 1048576K
}
Event: 10.078 GC heap before
{Heap before GC invocations=13 (full 2):
 PSYoungGen      total 190464K, used 6591K [0x00000000ede00000, 0x00000000ffc80000, 0x0000000100000000)
  eden space 178688K, 0% used [0x00000000ede00000,0x00000000ede00000,0x00000000f8c80000)
  from space 11776K, 55% used [0x00000000f8c80000,0x00000000f92efd50,0x00000000f9800000)
  to   space 11776K, 0% used [0x00000000ff100000,0x00000000ff100000,0x00000000ffc80000)
 ParOldGen       total 28160K, used 16240K [0x00000000c9a00000, 0x00000000cb580000, 0x00000000ede00000)
  object space 28160K, 57% used [0x00000000c9a00000,0x00000000ca9dc298,0x00000000cb580000)
 Metaspace       used 33090K, capacity 35352K, committed 35416K, reserved 1079296K
  class space    used 4286K, capacity 4666K, committed 4696K, reserved 1048576K
Event: 10.167 GC heap after
Heap after GC invocations=13 (full 2):
 PSYoungGen      total 190464K, used 0K [0x00000000ede00000, 0x00000000ffc80000, 0x0000000100000000)
  eden space 178688K, 0% used [0x00000000ede00000,0x00000000ede00000,0x00000000f8c80000)
  from space 11776K, 0% used [0x00000000f8c80000,0x00000000f8c80000,0x00000000f9800000)
  to   space 11776K, 0% used [0x00000000ff100000,0x00000000ff100000,0x00000000ffc80000)
 ParOldGen       total 46592K, used 18056K [0x00000000c9a00000, 0x00000000cc780000, 0x00000000ede00000)
  object space 46592K, 38% used [0x00000000c9a00000,0x00000000caba2130,0x00000000cc780000)
 Metaspace       used 33090K, capacity 35352K, committed 35416K, reserved 1079296K
  class space    used 4286K, capacity 4666K, committed 4696K, reserved 1048576K
}
Event: 13.543 GC heap before
{Heap before GC invocations=14 (full 2):
 PSYoungGen      total 190464K, used 178688K [0x00000000ede00000, 0x00000000ffc80000, 0x0000000100000000)
  eden space 178688K, 100% used [0x00000000ede00000,0x00000000f8c80000,0x00000000f8c80000)
  from space 11776K, 0% used [0x00000000f8c80000,0x00000000f8c80000,0x00000000f9800000)
  to   space 11776K, 0% used [0x00000000ff100000,0x00000000ff100000,0x00000000ffc80000)
 ParOldGen       total 46592K, used 18056K [0x00000000c9a00000, 0x00000000cc780000, 0x00000000ede00000)
  object space 46592K, 38% used [0x00000000c9a00000,0x00000000caba2130,0x00000000cc780000)
 Metaspace       used 48482K, capacity 51196K, committed 51416K, reserved 1093632K
  class space    used 6580K, capacity 7055K, committed 7128K, reserved 1048576K
Event: 13.565 GC heap after
Heap after GC invocations=14 (full 2):
 PSYoungGen      total 262656K, used 11762K [0x00000000ede00000, 0x00000000ffc80000, 0x0000000100000000)
  eden space 250880K, 0% used [0x00000000ede00000,0x00000000ede00000,0x00000000fd300000)
  from space 11776K, 99% used [0x00000000ff100000,0x00000000ffc7cb68,0x00000000ffc80000)
  to   space 15360K, 0% used [0x00000000fde80000,0x00000000fde80000,0x00000000fed80000)
 ParOldGen       total 46592K, used 23025K [0x00000000c9a00000, 0x00000000cc780000, 0x00000000ede00000)
  object space 46592K, 49% used [0x00000000c9a00000,0x00000000cb07c758,0x00000000cc780000)
 Metaspace       used 48482K, capacity 51196K, committed 51416K, reserved 1093632K
  class space    used 6580K, capacity 7055K, committed 7128K, reserved 1048576K
}
Event: 15.125 GC heap before
{Heap before GC invocations=15 (full 2):
 PSYoungGen      total 262656K, used 106012K [0x00000000ede00000, 0x00000000ffc80000, 0x0000000100000000)
  eden space 250880K, 37% used [0x00000000ede00000,0x00000000f3a0a5f8,0x00000000fd300000)
  from space 11776K, 99% used [0x00000000ff100000,0x00000000ffc7cb68,0x00000000ffc80000)
  to   space 15360K, 0% used [0x00000000fde80000,0x00000000fde80000,0x00000000fed80000)
 ParOldGen       total 46592K, used 23025K [0x00000000c9a00000, 0x00000000cc780000, 0x00000000ede00000)
  object space 46592K, 49% used [0x00000000c9a00000,0x00000000cb07c758,0x00000000cc780000)
 Metaspace       used 55520K, capacity 58972K, committed 59028K, reserved 1099776K
  class space    used 7544K, capacity 8121K, committed 8152K, reserved 1048576K
Event: 15.140 GC heap after
Heap after GC invocations=15 (full 2):
 PSYoungGen      total 278016K, used 8099K [0x00000000ede00000, 0x0000000100000000, 0x0000000100000000)
  eden space 262656K, 0% used [0x00000000ede00000,0x00000000ede00000,0x00000000fde80000)
  from space 15360K, 52% used [0x00000000fde80000,0x00000000fe668c50,0x00000000fed80000)
  to   space 14848K, 0% used [0x00000000ff180000,0x00000000ff180000,0x0000000100000000)
 ParOldGen       total 46592K, used 27855K [0x00000000c9a00000, 0x00000000cc780000, 0x00000000ede00000)
  object space 46592K, 59% used [0x00000000c9a00000,0x00000000cb533c20,0x00000000cc780000)
 Metaspace       used 55520K, capacity 58972K, committed 59028K, reserved 1099776K
  class space    used 7544K, capacity 8121K, committed 8152K, reserved 1048576K
}
Event: 15.140 GC heap before
{Heap before GC invocations=16 (full 3):
 PSYoungGen      total 278016K, used 8099K [0x00000000ede00000, 0x0000000100000000, 0x0000000100000000)
  eden space 262656K, 0% used [0x00000000ede00000,0x00000000ede00000,0x00000000fde80000)
  from space 15360K, 52% used [0x00000000fde80000,0x00000000fe668c50,0x00000000fed80000)
  to   space 14848K, 0% used [0x00000000ff180000,0x00000000ff180000,0x0000000100000000)
 ParOldGen       total 46592K, used 27855K [0x00000000c9a00000, 0x00000000cc780000, 0x00000000ede00000)
  object space 46592K, 59% used [0x00000000c9a00000,0x00000000cb533c20,0x00000000cc780000)
 Metaspace       used 55520K, capacity 58972K, committed 59028K, reserved 1099776K
  class space    used 7544K, capacity 8121K, committed 8152K, reserved 1048576K
Event: 15.342 GC heap after
Heap after GC invocations=16 (full 3):
 PSYoungGen      total 278016K, used 0K [0x00000000ede00000, 0x0000000100000000, 0x0000000100000000)
  eden space 262656K, 0% used [0x00000000ede00000,0x00000000ede00000,0x00000000fde80000)
  from space 15360K, 0% used [0x00000000fde80000,0x00000000fde80000,0x00000000fed80000)
  to   space 14848K, 0% used [0x00000000ff180000,0x00000000ff180000,0x0000000100000000)
 ParOldGen       total 65024K, used 28644K [0x00000000c9a00000, 0x00000000cd980000, 0x00000000ede00000)
  object space 65024K, 44% used [0x00000000c9a00000,0x00000000cb5f9138,0x00000000cd980000)
 Metaspace       used 55516K, capacity 58966K, committed 59028K, reserved 1099776K
  class space    used 7543K, capacity 8120K, committed 8152K, reserved 1048576K
}

